Using gpu device 0: Tesla K20m
The pretraining code for file DBN.py ran for 47.35m
The fine tuning code for file DBN.py ran for 119.83m
... loading data
... building the model
... getting the pretraining functions
... pre-training the model
Pre-training layer 0, epoch 0, cost  -937.024
Pre-training layer 0, epoch 1, cost  -896.218
Pre-training layer 0, epoch 2, cost  -882.596
Pre-training layer 0, epoch 3, cost  -874.392
Pre-training layer 0, epoch 4, cost  -868.462
Pre-training layer 0, epoch 5, cost  -863.615
Pre-training layer 0, epoch 6, cost  -859.694
Pre-training layer 0, epoch 7, cost  -856.372
Pre-training layer 0, epoch 8, cost  -853.714
Pre-training layer 0, epoch 9, cost  -851.155
Pre-training layer 0, epoch 10, cost  -848.89
Pre-training layer 0, epoch 11, cost  -846.833
Pre-training layer 0, epoch 12, cost  -844.893
Pre-training layer 0, epoch 13, cost  -843.245
Pre-training layer 0, epoch 14, cost  -841.71
Pre-training layer 0, epoch 15, cost  -840.303
Pre-training layer 0, epoch 16, cost  -838.9
Pre-training layer 0, epoch 17, cost  -837.787
Pre-training layer 0, epoch 18, cost  -836.499
Pre-training layer 0, epoch 19, cost  -835.541
Pre-training layer 0, epoch 20, cost  -834.628
Pre-training layer 0, epoch 21, cost  -833.642
Pre-training layer 0, epoch 22, cost  -832.853
Pre-training layer 0, epoch 23, cost  -831.997
Pre-training layer 0, epoch 24, cost  -831.16
Pre-training layer 0, epoch 25, cost  -830.472
Pre-training layer 0, epoch 26, cost  -829.677
Pre-training layer 0, epoch 27, cost  -829.044
Pre-training layer 0, epoch 28, cost  -828.421
Pre-training layer 0, epoch 29, cost  -827.771
Pre-training layer 0, epoch 30, cost  -827.25
Pre-training layer 0, epoch 31, cost  -826.7
Pre-training layer 0, epoch 32, cost  -826.185
Pre-training layer 0, epoch 33, cost  -825.742
Pre-training layer 0, epoch 34, cost  -825.22
Pre-training layer 0, epoch 35, cost  -824.747
Pre-training layer 0, epoch 36, cost  -824.28
Pre-training layer 0, epoch 37, cost  -823.892
Pre-training layer 0, epoch 38, cost  -823.438
Pre-training layer 0, epoch 39, cost  -823.082
Pre-training layer 0, epoch 40, cost  -822.739
Pre-training layer 0, epoch 41, cost  -822.282
Pre-training layer 0, epoch 42, cost  -822.004
Pre-training layer 0, epoch 43, cost  -821.704
Pre-training layer 0, epoch 44, cost  -821.304
Pre-training layer 0, epoch 45, cost  -820.96
Pre-training layer 0, epoch 46, cost  -820.58
Pre-training layer 0, epoch 47, cost  -820.283
Pre-training layer 0, epoch 48, cost  -819.88
Pre-training layer 0, epoch 49, cost  -819.605
Pre-training layer 0, epoch 50, cost  -819.352
Pre-training layer 0, epoch 51, cost  -819.004
Pre-training layer 0, epoch 52, cost  -818.761
Pre-training layer 0, epoch 53, cost  -818.498
Pre-training layer 0, epoch 54, cost  -818.195
Pre-training layer 0, epoch 55, cost  -817.927
Pre-training layer 0, epoch 56, cost  -817.691
Pre-training layer 0, epoch 57, cost  -817.411
Pre-training layer 0, epoch 58, cost  -817.225
Pre-training layer 0, epoch 59, cost  -816.974
Pre-training layer 0, epoch 60, cost  -816.696
Pre-training layer 0, epoch 61, cost  -816.538
Pre-training layer 0, epoch 62, cost  -816.331
Pre-training layer 0, epoch 63, cost  -816.147
Pre-training layer 0, epoch 64, cost  -815.897
Pre-training layer 0, epoch 65, cost  -815.697
Pre-training layer 0, epoch 66, cost  -815.505
Pre-training layer 0, epoch 67, cost  -815.326
Pre-training layer 0, epoch 68, cost  -815.132
Pre-training layer 0, epoch 69, cost  -814.949
Pre-training layer 0, epoch 70, cost  -814.732
Pre-training layer 0, epoch 71, cost  -814.534
Pre-training layer 0, epoch 72, cost  -814.349
Pre-training layer 0, epoch 73, cost  -814.166
Pre-training layer 0, epoch 74, cost  -814.036
Pre-training layer 0, epoch 75, cost  -813.822
Pre-training layer 0, epoch 76, cost  -813.682
Pre-training layer 0, epoch 77, cost  -813.552
Pre-training layer 0, epoch 78, cost  -813.394
Pre-training layer 0, epoch 79, cost  -813.258
Pre-training layer 0, epoch 80, cost  -813.039
Pre-training layer 0, epoch 81, cost  -812.925
Pre-training layer 0, epoch 82, cost  -812.784
Pre-training layer 0, epoch 83, cost  -812.69
Pre-training layer 0, epoch 84, cost  -812.538
Pre-training layer 0, epoch 85, cost  -812.392
Pre-training layer 0, epoch 86, cost  -812.247
Pre-training layer 0, epoch 87, cost  -812.19
Pre-training layer 0, epoch 88, cost  -811.912
Pre-training layer 0, epoch 89, cost  -811.811
Pre-training layer 0, epoch 90, cost  -811.698
Pre-training layer 0, epoch 91, cost  -811.599
Pre-training layer 0, epoch 92, cost  -811.439
Pre-training layer 0, epoch 93, cost  -811.332
Pre-training layer 0, epoch 94, cost  -811.294
Pre-training layer 0, epoch 95, cost  -811.143
Pre-training layer 0, epoch 96, cost  -811.06
Pre-training layer 0, epoch 97, cost  -810.934
Pre-training layer 0, epoch 98, cost  -810.819
Pre-training layer 0, epoch 99, cost  -810.724
Pre-training layer 1, epoch 0, cost  -35.8062
Pre-training layer 1, epoch 1, cost  -22.1164
Pre-training layer 1, epoch 2, cost  -19.9833
Pre-training layer 1, epoch 3, cost  -18.8143
Pre-training layer 1, epoch 4, cost  -18.0359
Pre-training layer 1, epoch 5, cost  -17.5241
Pre-training layer 1, epoch 6, cost  -16.9853
Pre-training layer 1, epoch 7, cost  -16.5971
Pre-training layer 1, epoch 8, cost  -16.3464
Pre-training layer 1, epoch 9, cost  -16.072
Pre-training layer 1, epoch 10, cost  -15.7778
Pre-training layer 1, epoch 11, cost  -15.6185
Pre-training layer 1, epoch 12, cost  -15.3413
Pre-training layer 1, epoch 13, cost  -15.2322
Pre-training layer 1, epoch 14, cost  -15.0166
Pre-training layer 1, epoch 15, cost  -14.936
Pre-training layer 1, epoch 16, cost  -14.6989
Pre-training layer 1, epoch 17, cost  -14.5813
Pre-training layer 1, epoch 18, cost  -14.4765
Pre-training layer 1, epoch 19, cost  -14.3107
Pre-training layer 1, epoch 20, cost  -14.199
Pre-training layer 1, epoch 21, cost  -14.1268
Pre-training layer 1, epoch 22, cost  -14.0479
Pre-training layer 1, epoch 23, cost  -13.9307
Pre-training layer 1, epoch 24, cost  -13.8174
Pre-training layer 1, epoch 25, cost  -13.7786
Pre-training layer 1, epoch 26, cost  -13.6642
Pre-training layer 1, epoch 27, cost  -13.6251
Pre-training layer 1, epoch 28, cost  -13.546
Pre-training layer 1, epoch 29, cost  -13.4014
Pre-training layer 1, epoch 30, cost  -13.3235
Pre-training layer 1, epoch 31, cost  -13.2601
Pre-training layer 1, epoch 32, cost  -13.1949
Pre-training layer 1, epoch 33, cost  -13.1805
Pre-training layer 1, epoch 34, cost  -13.0675
Pre-training layer 1, epoch 35, cost  -13.0239
Pre-training layer 1, epoch 36, cost  -12.8952
Pre-training layer 1, epoch 37, cost  -12.8443
Pre-training layer 1, epoch 38, cost  -12.7879
Pre-training layer 1, epoch 39, cost  -12.6902
Pre-training layer 1, epoch 40, cost  -12.6703
Pre-training layer 1, epoch 41, cost  -12.5988
Pre-training layer 1, epoch 42, cost  -12.5128
Pre-training layer 1, epoch 43, cost  -12.4828
Pre-training layer 1, epoch 44, cost  -12.4215
Pre-training layer 1, epoch 45, cost  -12.4501
Pre-training layer 1, epoch 46, cost  -12.324
Pre-training layer 1, epoch 47, cost  -12.3006
Pre-training layer 1, epoch 48, cost  -12.1917
Pre-training layer 1, epoch 49, cost  -12.2242
Pre-training layer 1, epoch 50, cost  -12.0627
Pre-training layer 1, epoch 51, cost  -12.1111
Pre-training layer 1, epoch 52, cost  -12.0652
Pre-training layer 1, epoch 53, cost  -11.9963
Pre-training layer 1, epoch 54, cost  -12.0003
Pre-training layer 1, epoch 55, cost  -11.9037
Pre-training layer 1, epoch 56, cost  -11.8787
Pre-training layer 1, epoch 57, cost  -11.8576
Pre-training layer 1, epoch 58, cost  -11.7475
Pre-training layer 1, epoch 59, cost  -11.7529
Pre-training layer 1, epoch 60, cost  -11.6956
Pre-training layer 1, epoch 61, cost  -11.6304
Pre-training layer 1, epoch 62, cost  -11.6152
Pre-training layer 1, epoch 63, cost  -11.598
Pre-training layer 1, epoch 64, cost  -11.5484
Pre-training layer 1, epoch 65, cost  -11.465
Pre-training layer 1, epoch 66, cost  -11.4582
Pre-training layer 1, epoch 67, cost  -11.3846
Pre-training layer 1, epoch 68, cost  -11.367
Pre-training layer 1, epoch 69, cost  -11.3987
Pre-training layer 1, epoch 70, cost  -11.2977
Pre-training layer 1, epoch 71, cost  -11.302
Pre-training layer 1, epoch 72, cost  -11.2641
Pre-training layer 1, epoch 73, cost  -11.2
Pre-training layer 1, epoch 74, cost  -11.1871
Pre-training layer 1, epoch 75, cost  -11.1453
Pre-training layer 1, epoch 76, cost  -11.0902
Pre-training layer 1, epoch 77, cost  -11.0867
Pre-training layer 1, epoch 78, cost  -11.0385
Pre-training layer 1, epoch 79, cost  -11.0623
Pre-training layer 1, epoch 80, cost  -10.9858
Pre-training layer 1, epoch 81, cost  -10.9272
Pre-training layer 1, epoch 82, cost  -10.9043
Pre-training layer 1, epoch 83, cost  -10.8791
Pre-training layer 1, epoch 84, cost  -10.8873
Pre-training layer 1, epoch 85, cost  -10.8385
Pre-training layer 1, epoch 86, cost  -10.7807
Pre-training layer 1, epoch 87, cost  -10.7606
Pre-training layer 1, epoch 88, cost  -10.7561
Pre-training layer 1, epoch 89, cost  -10.7321
Pre-training layer 1, epoch 90, cost  -10.6792
Pre-training layer 1, epoch 91, cost  -10.6469
Pre-training layer 1, epoch 92, cost  -10.6268
Pre-training layer 1, epoch 93, cost  -10.6102
Pre-training layer 1, epoch 94, cost  -10.6431
Pre-training layer 1, epoch 95, cost  -10.5706
Pre-training layer 1, epoch 96, cost  -10.5467
Pre-training layer 1, epoch 97, cost  -10.4612
Pre-training layer 1, epoch 98, cost  -10.4877
Pre-training layer 1, epoch 99, cost  -10.4636
Pre-training layer 2, epoch 0, cost  -1033.51
Pre-training layer 2, epoch 1, cost  -1000.73
Pre-training layer 2, epoch 2, cost  -988.424
Pre-training layer 2, epoch 3, cost  -981.145
Pre-training layer 2, epoch 4, cost  -975.794
Pre-training layer 2, epoch 5, cost  -971.848
Pre-training layer 2, epoch 6, cost  -968.578
Pre-training layer 2, epoch 7, cost  -965.509
Pre-training layer 2, epoch 8, cost  -962.946
Pre-training layer 2, epoch 9, cost  -961.065
Pre-training layer 2, epoch 10, cost  -959.061
Pre-training layer 2, epoch 11, cost  -957.408
Pre-training layer 2, epoch 12, cost  -955.866
Pre-training layer 2, epoch 13, cost  -954.511
Pre-training layer 2, epoch 14, cost  -953.34
Pre-training layer 2, epoch 15, cost  -952.54
Pre-training layer 2, epoch 16, cost  -951.535
Pre-training layer 2, epoch 17, cost  -950.78
Pre-training layer 2, epoch 18, cost  -950.232
Pre-training layer 2, epoch 19, cost  -949.705
Pre-training layer 2, epoch 20, cost  -949.156
Pre-training layer 2, epoch 21, cost  -948.733
Pre-training layer 2, epoch 22, cost  -948.12
Pre-training layer 2, epoch 23, cost  -947.899
Pre-training layer 2, epoch 24, cost  -947.266
Pre-training layer 2, epoch 25, cost  -947.03
Pre-training layer 2, epoch 26, cost  -946.594
Pre-training layer 2, epoch 27, cost  -946.117
Pre-training layer 2, epoch 28, cost  -945.831
Pre-training layer 2, epoch 29, cost  -945.386
Pre-training layer 2, epoch 30, cost  -945.087
Pre-training layer 2, epoch 31, cost  -944.878
Pre-training layer 2, epoch 32, cost  -944.561
Pre-training layer 2, epoch 33, cost  -944.03
Pre-training layer 2, epoch 34, cost  -943.72
Pre-training layer 2, epoch 35, cost  -943.618
Pre-training layer 2, epoch 36, cost  -943.322
Pre-training layer 2, epoch 37, cost  -943.071
Pre-training layer 2, epoch 38, cost  -942.844
Pre-training layer 2, epoch 39, cost  -942.549
Pre-training layer 2, epoch 40, cost  -942.351
Pre-training layer 2, epoch 41, cost  -942.248
Pre-training layer 2, epoch 42, cost  -941.953
Pre-training layer 2, epoch 43, cost  -941.724
Pre-training layer 2, epoch 44, cost  -941.502
Pre-training layer 2, epoch 45, cost  -941.371
Pre-training layer 2, epoch 46, cost  -941.188
Pre-training layer 2, epoch 47, cost  -940.797
Pre-training layer 2, epoch 48, cost  -940.746
Pre-training layer 2, epoch 49, cost  -940.446
Pre-training layer 2, epoch 50, cost  -940.495
Pre-training layer 2, epoch 51, cost  -940.186
Pre-training layer 2, epoch 52, cost  -940.163
Pre-training layer 2, epoch 53, cost  -940.03
Pre-training layer 2, epoch 54, cost  -939.759
Pre-training layer 2, epoch 55, cost  -939.744
Pre-training layer 2, epoch 56, cost  -939.599
Pre-training layer 2, epoch 57, cost  -939.506
Pre-training layer 2, epoch 58, cost  -939.176
Pre-training layer 2, epoch 59, cost  -939.132
Pre-training layer 2, epoch 60, cost  -938.818
Pre-training layer 2, epoch 61, cost  -938.764
Pre-training layer 2, epoch 62, cost  -938.664
Pre-training layer 2, epoch 63, cost  -938.449
Pre-training layer 2, epoch 64, cost  -938.316
Pre-training layer 2, epoch 65, cost  -938.375
Pre-training layer 2, epoch 66, cost  -938.236
Pre-training layer 2, epoch 67, cost  -938.171
Pre-training layer 2, epoch 68, cost  -937.988
Pre-training layer 2, epoch 69, cost  -938.034
Pre-training layer 2, epoch 70, cost  -937.891
Pre-training layer 2, epoch 71, cost  -937.795
Pre-training layer 2, epoch 72, cost  -937.702
Pre-training layer 2, epoch 73, cost  -937.625
Pre-training layer 2, epoch 74, cost  -937.628
Pre-training layer 2, epoch 75, cost  -937.563
Pre-training layer 2, epoch 76, cost  -937.324
Pre-training layer 2, epoch 77, cost  -937.415
Pre-training layer 2, epoch 78, cost  -937.363
Pre-training layer 2, epoch 79, cost  -937.303
Pre-training layer 2, epoch 80, cost  -937.082
Pre-training layer 2, epoch 81, cost  -937.082
Pre-training layer 2, epoch 82, cost  -937.011
Pre-training layer 2, epoch 83, cost  -936.888
Pre-training layer 2, epoch 84, cost  -937.007
Pre-training layer 2, epoch 85, cost  -936.846
Pre-training layer 2, epoch 86, cost  -936.701
Pre-training layer 2, epoch 87, cost  -936.672
Pre-training layer 2, epoch 88, cost  -936.664
Pre-training layer 2, epoch 89, cost  -936.638
Pre-training layer 2, epoch 90, cost  -936.495
Pre-training layer 2, epoch 91, cost  -936.406
Pre-training layer 2, epoch 92, cost  -936.467
Pre-training layer 2, epoch 93, cost  -936.422
Pre-training layer 2, epoch 94, cost  -936.38
Pre-training layer 2, epoch 95, cost  -936.312
Pre-training layer 2, epoch 96, cost  -936.275
Pre-training layer 2, epoch 97, cost  -936.224
Pre-training layer 2, epoch 98, cost  -936.082
Pre-training layer 2, epoch 99, cost  -936.173
... getting the finetuning functions
... finetunning the model
epoch 1, minibatch 833/833, validation error 49.759036 %
     epoch 1, minibatch 833/833, test error of best model 50.000000 %
epoch 2, minibatch 833/833, validation error 49.759036 %
epoch 3, minibatch 833/833, validation error 49.759036 %
epoch 4, minibatch 833/833, validation error 49.759036 %
epoch 5, minibatch 833/833, validation error 49.759036 %
epoch 6, minibatch 833/833, validation error 26.506024 %
     epoch 6, minibatch 833/833, test error of best model 27.580000 %
epoch 7, minibatch 833/833, validation error 49.759036 %
epoch 8, minibatch 833/833, validation error 49.759036 %
epoch 9, minibatch 833/833, validation error 49.759036 %
epoch 10, minibatch 833/833, validation error 49.759036 %
epoch 11, minibatch 833/833, validation error 49.759036 %
epoch 12, minibatch 833/833, validation error 49.759036 %
epoch 13, minibatch 833/833, validation error 49.759036 %
epoch 14, minibatch 833/833, validation error 49.759036 %
epoch 15, minibatch 833/833, validation error 48.975904 %
epoch 16, minibatch 833/833, validation error 49.759036 %
epoch 17, minibatch 833/833, validation error 49.759036 %
epoch 18, minibatch 833/833, validation error 35.542169 %
epoch 19, minibatch 833/833, validation error 49.759036 %
epoch 20, minibatch 833/833, validation error 28.373494 %
epoch 21, minibatch 833/833, validation error 49.759036 %
epoch 22, minibatch 833/833, validation error 36.024096 %
epoch 23, minibatch 833/833, validation error 49.759036 %
epoch 24, minibatch 833/833, validation error 49.759036 %
epoch 25, minibatch 833/833, validation error 49.759036 %
epoch 26, minibatch 833/833, validation error 49.759036 %
epoch 27, minibatch 833/833, validation error 49.759036 %
epoch 28, minibatch 833/833, validation error 49.759036 %
epoch 29, minibatch 833/833, validation error 49.759036 %
epoch 30, minibatch 833/833, validation error 49.759036 %
epoch 31, minibatch 833/833, validation error 29.638554 %
epoch 32, minibatch 833/833, validation error 49.759036 %
epoch 33, minibatch 833/833, validation error 25.783133 %
     epoch 33, minibatch 833/833, test error of best model 24.560000 %
epoch 34, minibatch 833/833, validation error 49.759036 %
epoch 35, minibatch 833/833, validation error 49.337349 %
epoch 36, minibatch 833/833, validation error 49.759036 %
epoch 37, minibatch 833/833, validation error 49.759036 %
epoch 38, minibatch 833/833, validation error 49.759036 %
epoch 39, minibatch 833/833, validation error 49.759036 %
epoch 40, minibatch 833/833, validation error 49.759036 %
epoch 41, minibatch 833/833, validation error 49.759036 %
epoch 42, minibatch 833/833, validation error 49.759036 %
epoch 43, minibatch 833/833, validation error 49.759036 %
epoch 44, minibatch 833/833, validation error 49.759036 %
epoch 45, minibatch 833/833, validation error 49.759036 %
epoch 46, minibatch 833/833, validation error 49.759036 %
epoch 47, minibatch 833/833, validation error 49.759036 %
epoch 48, minibatch 833/833, validation error 49.759036 %
epoch 49, minibatch 833/833, validation error 49.759036 %
epoch 50, minibatch 833/833, validation error 49.759036 %
epoch 51, minibatch 833/833, validation error 49.759036 %
epoch 52, minibatch 833/833, validation error 49.759036 %
epoch 53, minibatch 833/833, validation error 49.759036 %
epoch 54, minibatch 833/833, validation error 49.759036 %
epoch 55, minibatch 833/833, validation error 49.759036 %
epoch 56, minibatch 833/833, validation error 49.759036 %
epoch 57, minibatch 833/833, validation error 49.759036 %
epoch 58, minibatch 833/833, validation error 49.759036 %
epoch 59, minibatch 833/833, validation error 49.759036 %
epoch 60, minibatch 833/833, validation error 49.759036 %
epoch 61, minibatch 833/833, validation error 49.759036 %
epoch 62, minibatch 833/833, validation error 49.759036 %
epoch 63, minibatch 833/833, validation error 49.759036 %
epoch 64, minibatch 833/833, validation error 49.759036 %
epoch 65, minibatch 833/833, validation error 49.759036 %
epoch 66, minibatch 833/833, validation error 49.759036 %
epoch 67, minibatch 833/833, validation error 49.759036 %
epoch 68, minibatch 833/833, validation error 49.759036 %
epoch 69, minibatch 833/833, validation error 49.759036 %
epoch 70, minibatch 833/833, validation error 49.759036 %
epoch 71, minibatch 833/833, validation error 49.759036 %
epoch 72, minibatch 833/833, validation error 49.759036 %
epoch 73, minibatch 833/833, validation error 49.759036 %
epoch 74, minibatch 833/833, validation error 49.759036 %
epoch 75, minibatch 833/833, validation error 49.759036 %
epoch 76, minibatch 833/833, validation error 49.759036 %
epoch 77, minibatch 833/833, validation error 49.759036 %
epoch 78, minibatch 833/833, validation error 49.759036 %
epoch 79, minibatch 833/833, validation error 49.759036 %
epoch 80, minibatch 833/833, validation error 49.759036 %
epoch 81, minibatch 833/833, validation error 49.759036 %
epoch 82, minibatch 833/833, validation error 49.759036 %
epoch 83, minibatch 833/833, validation error 49.759036 %
epoch 84, minibatch 833/833, validation error 49.759036 %
epoch 85, minibatch 833/833, validation error 49.759036 %
epoch 86, minibatch 833/833, validation error 49.759036 %
epoch 87, minibatch 833/833, validation error 49.759036 %
epoch 88, minibatch 833/833, validation error 49.759036 %
epoch 89, minibatch 833/833, validation error 49.759036 %
epoch 90, minibatch 833/833, validation error 49.759036 %
epoch 91, minibatch 833/833, validation error 49.759036 %
epoch 92, minibatch 833/833, validation error 49.759036 %
epoch 93, minibatch 833/833, validation error 49.759036 %
epoch 94, minibatch 833/833, validation error 49.759036 %
epoch 95, minibatch 833/833, validation error 49.759036 %
epoch 96, minibatch 833/833, validation error 49.759036 %
epoch 97, minibatch 833/833, validation error 49.759036 %
epoch 98, minibatch 833/833, validation error 49.759036 %
epoch 99, minibatch 833/833, validation error 49.759036 %
epoch 100, minibatch 833/833, validation error 49.759036 %
epoch 101, minibatch 833/833, validation error 49.759036 %
epoch 102, minibatch 833/833, validation error 49.759036 %
epoch 103, minibatch 833/833, validation error 49.759036 %
epoch 104, minibatch 833/833, validation error 49.759036 %
epoch 105, minibatch 833/833, validation error 49.759036 %
epoch 106, minibatch 833/833, validation error 49.759036 %
epoch 107, minibatch 833/833, validation error 49.759036 %
epoch 108, minibatch 833/833, validation error 49.759036 %
epoch 109, minibatch 833/833, validation error 49.759036 %
epoch 110, minibatch 833/833, validation error 49.759036 %
epoch 111, minibatch 833/833, validation error 49.759036 %
epoch 112, minibatch 833/833, validation error 49.759036 %
epoch 113, minibatch 833/833, validation error 49.759036 %
epoch 114, minibatch 833/833, validation error 49.638554 %
epoch 115, minibatch 833/833, validation error 49.397590 %
epoch 116, minibatch 833/833, validation error 49.036145 %
epoch 117, minibatch 833/833, validation error 48.795181 %
epoch 118, minibatch 833/833, validation error 48.915663 %
epoch 119, minibatch 833/833, validation error 48.795181 %
epoch 120, minibatch 833/833, validation error 49.096386 %
epoch 121, minibatch 833/833, validation error 49.036145 %
epoch 122, minibatch 833/833, validation error 49.036145 %
epoch 123, minibatch 833/833, validation error 49.036145 %
epoch 124, minibatch 833/833, validation error 48.734940 %
epoch 125, minibatch 833/833, validation error 48.734940 %
epoch 126, minibatch 833/833, validation error 48.554217 %
epoch 127, minibatch 833/833, validation error 48.674699 %
epoch 128, minibatch 833/833, validation error 44.698795 %
epoch 129, minibatch 833/833, validation error 46.987952 %
epoch 130, minibatch 833/833, validation error 48.433735 %
epoch 131, minibatch 833/833, validation error 49.759036 %
epoch 132, minibatch 833/833, validation error 47.349398 %
epoch 133, minibatch 833/833, validation error 42.349398 %
epoch 134, minibatch 833/833, validation error 45.361446 %
epoch 135, minibatch 833/833, validation error 48.915663 %
epoch 136, minibatch 833/833, validation error 44.879518 %
epoch 137, minibatch 833/833, validation error 49.216867 %
epoch 138, minibatch 833/833, validation error 42.650602 %
epoch 139, minibatch 833/833, validation error 45.120482 %
epoch 140, minibatch 833/833, validation error 44.819277 %
epoch 141, minibatch 833/833, validation error 41.987952 %
epoch 142, minibatch 833/833, validation error 41.024096 %
epoch 143, minibatch 833/833, validation error 49.759036 %
epoch 144, minibatch 833/833, validation error 49.759036 %
epoch 145, minibatch 833/833, validation error 48.313253 %
epoch 146, minibatch 833/833, validation error 41.686747 %
epoch 147, minibatch 833/833, validation error 41.144578 %
epoch 148, minibatch 833/833, validation error 41.686747 %
epoch 149, minibatch 833/833, validation error 40.843373 %
epoch 150, minibatch 833/833, validation error 39.397590 %
epoch 151, minibatch 833/833, validation error 44.939759 %
epoch 152, minibatch 833/833, validation error 40.060241 %
epoch 153, minibatch 833/833, validation error 43.132530 %
epoch 154, minibatch 833/833, validation error 42.771084 %
epoch 155, minibatch 833/833, validation error 44.939759 %
epoch 156, minibatch 833/833, validation error 44.819277 %
epoch 157, minibatch 833/833, validation error 41.987952 %
epoch 158, minibatch 833/833, validation error 43.493976 %
epoch 159, minibatch 833/833, validation error 45.843373 %
epoch 160, minibatch 833/833, validation error 49.759036 %
epoch 161, minibatch 833/833, validation error 45.301205 %
epoch 162, minibatch 833/833, validation error 40.060241 %
epoch 163, minibatch 833/833, validation error 41.686747 %
epoch 164, minibatch 833/833, validation error 44.457831 %
epoch 165, minibatch 833/833, validation error 43.493976 %
epoch 166, minibatch 833/833, validation error 41.024096 %
epoch 167, minibatch 833/833, validation error 40.602410 %
epoch 168, minibatch 833/833, validation error 42.349398 %
epoch 169, minibatch 833/833, validation error 42.530120 %
epoch 170, minibatch 833/833, validation error 45.301205 %
epoch 171, minibatch 833/833, validation error 47.650602 %
epoch 172, minibatch 833/833, validation error 46.807229 %
epoch 173, minibatch 833/833, validation error 48.433735 %
epoch 174, minibatch 833/833, validation error 41.987952 %
epoch 175, minibatch 833/833, validation error 41.686747 %
epoch 176, minibatch 833/833, validation error 42.048193 %
epoch 177, minibatch 833/833, validation error 47.289157 %
epoch 178, minibatch 833/833, validation error 45.843373 %
epoch 179, minibatch 833/833, validation error 47.530120 %
epoch 180, minibatch 833/833, validation error 46.927711 %
epoch 181, minibatch 833/833, validation error 44.216867 %
epoch 182, minibatch 833/833, validation error 41.204819 %
epoch 183, minibatch 833/833, validation error 49.638554 %
epoch 184, minibatch 833/833, validation error 46.265060 %
epoch 185, minibatch 833/833, validation error 48.674699 %
epoch 186, minibatch 833/833, validation error 49.759036 %
epoch 187, minibatch 833/833, validation error 49.759036 %
epoch 188, minibatch 833/833, validation error 40.301205 %
epoch 189, minibatch 833/833, validation error 49.759036 %
epoch 190, minibatch 833/833, validation error 49.156627 %
epoch 191, minibatch 833/833, validation error 49.759036 %
epoch 192, minibatch 833/833, validation error 49.759036 %
epoch 193, minibatch 833/833, validation error 49.759036 %
epoch 194, minibatch 833/833, validation error 49.759036 %
epoch 195, minibatch 833/833, validation error 49.759036 %
epoch 196, minibatch 833/833, validation error 49.698795 %
epoch 197, minibatch 833/833, validation error 49.759036 %
epoch 198, minibatch 833/833, validation error 49.759036 %
epoch 199, minibatch 833/833, validation error 49.759036 %
epoch 200, minibatch 833/833, validation error 49.759036 %
epoch 201, minibatch 833/833, validation error 49.759036 %
epoch 202, minibatch 833/833, validation error 49.759036 %
epoch 203, minibatch 833/833, validation error 49.759036 %
epoch 204, minibatch 833/833, validation error 46.566265 %
epoch 205, minibatch 833/833, validation error 48.855422 %
epoch 206, minibatch 833/833, validation error 47.590361 %
epoch 207, minibatch 833/833, validation error 49.759036 %
epoch 208, minibatch 833/833, validation error 47.349398 %
epoch 209, minibatch 833/833, validation error 46.084337 %
epoch 210, minibatch 833/833, validation error 47.831325 %
epoch 211, minibatch 833/833, validation error 43.373494 %
epoch 212, minibatch 833/833, validation error 48.072289 %
epoch 213, minibatch 833/833, validation error 42.650602 %
epoch 214, minibatch 833/833, validation error 44.578313 %
epoch 215, minibatch 833/833, validation error 45.421687 %
epoch 216, minibatch 833/833, validation error 49.759036 %
epoch 217, minibatch 833/833, validation error 49.759036 %
epoch 218, minibatch 833/833, validation error 42.409639 %
epoch 219, minibatch 833/833, validation error 49.759036 %
epoch 220, minibatch 833/833, validation error 42.228916 %
epoch 221, minibatch 833/833, validation error 44.337349 %
epoch 222, minibatch 833/833, validation error 46.987952 %
epoch 223, minibatch 833/833, validation error 44.096386 %
epoch 224, minibatch 833/833, validation error 46.807229 %
epoch 225, minibatch 833/833, validation error 46.807229 %
epoch 226, minibatch 833/833, validation error 42.951807 %
epoch 227, minibatch 833/833, validation error 43.192771 %
epoch 228, minibatch 833/833, validation error 48.253012 %
epoch 229, minibatch 833/833, validation error 44.759036 %
epoch 230, minibatch 833/833, validation error 46.325301 %
epoch 231, minibatch 833/833, validation error 47.590361 %
epoch 232, minibatch 833/833, validation error 45.301205 %
epoch 233, minibatch 833/833, validation error 46.927711 %
epoch 234, minibatch 833/833, validation error 46.927711 %
epoch 235, minibatch 833/833, validation error 45.542169 %
epoch 236, minibatch 833/833, validation error 44.457831 %
epoch 237, minibatch 833/833, validation error 45.180723 %
epoch 238, minibatch 833/833, validation error 49.156627 %
epoch 239, minibatch 833/833, validation error 48.915663 %
epoch 240, minibatch 833/833, validation error 42.891566 %
epoch 241, minibatch 833/833, validation error 49.759036 %
epoch 242, minibatch 833/833, validation error 45.361446 %
epoch 243, minibatch 833/833, validation error 49.457831 %
epoch 244, minibatch 833/833, validation error 48.795181 %
epoch 245, minibatch 833/833, validation error 49.759036 %
epoch 246, minibatch 833/833, validation error 49.759036 %
epoch 247, minibatch 833/833, validation error 49.759036 %
epoch 248, minibatch 833/833, validation error 48.554217 %
epoch 249, minibatch 833/833, validation error 47.951807 %
epoch 250, minibatch 833/833, validation error 49.759036 %
epoch 251, minibatch 833/833, validation error 49.759036 %
epoch 252, minibatch 833/833, validation error 49.759036 %
epoch 253, minibatch 833/833, validation error 49.759036 %
epoch 254, minibatch 833/833, validation error 49.759036 %
epoch 255, minibatch 833/833, validation error 49.759036 %
epoch 256, minibatch 833/833, validation error 49.036145 %
epoch 257, minibatch 833/833, validation error 49.759036 %
epoch 258, minibatch 833/833, validation error 49.759036 %
epoch 259, minibatch 833/833, validation error 49.759036 %
epoch 260, minibatch 833/833, validation error 49.759036 %
epoch 261, minibatch 833/833, validation error 49.759036 %
epoch 262, minibatch 833/833, validation error 49.397590 %
epoch 263, minibatch 833/833, validation error 48.975904 %
epoch 264, minibatch 833/833, validation error 49.759036 %
epoch 265, minibatch 833/833, validation error 49.216867 %
epoch 266, minibatch 833/833, validation error 49.759036 %
epoch 267, minibatch 833/833, validation error 47.891566 %
epoch 268, minibatch 833/833, validation error 49.518072 %
epoch 269, minibatch 833/833, validation error 49.759036 %
epoch 270, minibatch 833/833, validation error 49.759036 %
epoch 271, minibatch 833/833, validation error 49.759036 %
epoch 272, minibatch 833/833, validation error 49.759036 %
epoch 273, minibatch 833/833, validation error 49.759036 %
epoch 274, minibatch 833/833, validation error 49.216867 %
epoch 275, minibatch 833/833, validation error 49.759036 %
epoch 276, minibatch 833/833, validation error 49.759036 %
epoch 277, minibatch 833/833, validation error 49.759036 %
epoch 278, minibatch 833/833, validation error 49.578313 %
epoch 279, minibatch 833/833, validation error 49.518072 %
epoch 280, minibatch 833/833, validation error 49.759036 %
epoch 281, minibatch 833/833, validation error 49.638554 %
epoch 282, minibatch 833/833, validation error 49.578313 %
epoch 283, minibatch 833/833, validation error 44.819277 %
epoch 284, minibatch 833/833, validation error 49.759036 %
epoch 285, minibatch 833/833, validation error 49.578313 %
epoch 286, minibatch 833/833, validation error 47.650602 %
epoch 287, minibatch 833/833, validation error 49.518072 %
epoch 288, minibatch 833/833, validation error 49.518072 %
epoch 289, minibatch 833/833, validation error 49.397590 %
epoch 290, minibatch 833/833, validation error 49.156627 %
epoch 291, minibatch 833/833, validation error 49.578313 %
epoch 292, minibatch 833/833, validation error 49.578313 %
epoch 293, minibatch 833/833, validation error 49.036145 %
epoch 294, minibatch 833/833, validation error 36.987952 %
epoch 295, minibatch 833/833, validation error 49.759036 %
epoch 296, minibatch 833/833, validation error 49.638554 %
epoch 297, minibatch 833/833, validation error 49.397590 %
epoch 298, minibatch 833/833, validation error 48.795181 %
epoch 299, minibatch 833/833, validation error 37.710843 %
epoch 300, minibatch 833/833, validation error 39.819277 %
epoch 301, minibatch 833/833, validation error 38.253012 %
epoch 302, minibatch 833/833, validation error 49.759036 %
epoch 303, minibatch 833/833, validation error 43.795181 %
epoch 304, minibatch 833/833, validation error 46.807229 %
epoch 305, minibatch 833/833, validation error 47.349398 %
epoch 306, minibatch 833/833, validation error 42.650602 %
epoch 307, minibatch 833/833, validation error 44.036145 %
epoch 308, minibatch 833/833, validation error 45.481928 %
epoch 309, minibatch 833/833, validation error 47.409639 %
epoch 310, minibatch 833/833, validation error 49.036145 %
epoch 311, minibatch 833/833, validation error 37.951807 %
epoch 312, minibatch 833/833, validation error 41.084337 %
epoch 313, minibatch 833/833, validation error 41.566265 %
epoch 314, minibatch 833/833, validation error 45.481928 %
epoch 315, minibatch 833/833, validation error 43.915663 %
epoch 316, minibatch 833/833, validation error 46.807229 %
epoch 317, minibatch 833/833, validation error 43.012048 %
epoch 318, minibatch 833/833, validation error 49.156627 %
epoch 319, minibatch 833/833, validation error 49.759036 %
epoch 320, minibatch 833/833, validation error 48.253012 %
epoch 321, minibatch 833/833, validation error 48.795181 %
epoch 322, minibatch 833/833, validation error 38.915663 %
epoch 323, minibatch 833/833, validation error 40.722892 %
epoch 324, minibatch 833/833, validation error 43.313253 %
epoch 325, minibatch 833/833, validation error 47.048193 %
epoch 326, minibatch 833/833, validation error 48.915663 %
epoch 327, minibatch 833/833, validation error 44.277108 %
epoch 328, minibatch 833/833, validation error 46.265060 %
epoch 329, minibatch 833/833, validation error 45.361446 %
epoch 330, minibatch 833/833, validation error 46.927711 %
epoch 331, minibatch 833/833, validation error 47.048193 %
epoch 332, minibatch 833/833, validation error 46.927711 %
epoch 333, minibatch 833/833, validation error 47.771084 %
epoch 334, minibatch 833/833, validation error 38.012048 %
epoch 335, minibatch 833/833, validation error 37.409639 %
epoch 336, minibatch 833/833, validation error 44.277108 %
epoch 337, minibatch 833/833, validation error 41.626506 %
epoch 338, minibatch 833/833, validation error 44.216867 %
epoch 339, minibatch 833/833, validation error 42.168675 %
epoch 340, minibatch 833/833, validation error 47.108434 %
epoch 341, minibatch 833/833, validation error 40.963855 %
epoch 342, minibatch 833/833, validation error 45.361446 %
epoch 343, minibatch 833/833, validation error 43.433735 %
epoch 344, minibatch 833/833, validation error 44.397590 %
epoch 345, minibatch 833/833, validation error 47.710843 %
epoch 346, minibatch 833/833, validation error 46.024096 %
epoch 347, minibatch 833/833, validation error 30.542169 %
epoch 348, minibatch 833/833, validation error 43.313253 %
epoch 349, minibatch 833/833, validation error 45.361446 %
epoch 350, minibatch 833/833, validation error 42.108434 %
epoch 351, minibatch 833/833, validation error 38.674699 %
epoch 352, minibatch 833/833, validation error 42.349398 %
epoch 353, minibatch 833/833, validation error 49.578313 %
epoch 354, minibatch 833/833, validation error 40.361446 %
epoch 355, minibatch 833/833, validation error 35.963855 %
epoch 356, minibatch 833/833, validation error 42.590361 %
epoch 357, minibatch 833/833, validation error 38.012048 %
epoch 358, minibatch 833/833, validation error 38.313253 %
epoch 359, minibatch 833/833, validation error 34.819277 %
epoch 360, minibatch 833/833, validation error 48.253012 %
epoch 361, minibatch 833/833, validation error 39.337349 %
epoch 362, minibatch 833/833, validation error 41.807229 %
epoch 363, minibatch 833/833, validation error 38.072289 %
epoch 364, minibatch 833/833, validation error 43.734940 %
epoch 365, minibatch 833/833, validation error 48.975904 %
epoch 366, minibatch 833/833, validation error 48.614458 %
epoch 367, minibatch 833/833, validation error 45.662651 %
epoch 368, minibatch 833/833, validation error 46.084337 %
epoch 369, minibatch 833/833, validation error 34.156627 %
epoch 370, minibatch 833/833, validation error 37.168675 %
epoch 371, minibatch 833/833, validation error 40.602410 %
epoch 372, minibatch 833/833, validation error 34.819277 %
epoch 373, minibatch 833/833, validation error 45.602410 %
epoch 374, minibatch 833/833, validation error 49.397590 %
epoch 375, minibatch 833/833, validation error 42.771084 %
epoch 376, minibatch 833/833, validation error 41.807229 %
epoch 377, minibatch 833/833, validation error 41.024096 %
epoch 378, minibatch 833/833, validation error 35.662651 %
epoch 379, minibatch 833/833, validation error 40.602410 %
epoch 380, minibatch 833/833, validation error 48.614458 %
epoch 381, minibatch 833/833, validation error 48.012048 %
epoch 382, minibatch 833/833, validation error 46.506024 %
epoch 383, minibatch 833/833, validation error 40.542169 %
epoch 384, minibatch 833/833, validation error 49.518072 %
epoch 385, minibatch 833/833, validation error 41.445783 %
epoch 386, minibatch 833/833, validation error 44.698795 %
epoch 387, minibatch 833/833, validation error 47.108434 %
epoch 388, minibatch 833/833, validation error 47.590361 %
epoch 389, minibatch 833/833, validation error 48.192771 %
epoch 390, minibatch 833/833, validation error 46.987952 %
epoch 391, minibatch 833/833, validation error 32.650602 %
epoch 392, minibatch 833/833, validation error 37.289157 %
epoch 393, minibatch 833/833, validation error 27.891566 %
epoch 394, minibatch 833/833, validation error 38.674699 %
epoch 395, minibatch 833/833, validation error 35.120482 %
epoch 396, minibatch 833/833, validation error 33.554217 %
epoch 397, minibatch 833/833, validation error 28.795181 %
epoch 398, minibatch 833/833, validation error 48.734940 %
epoch 399, minibatch 833/833, validation error 49.096386 %
epoch 400, minibatch 833/833, validation error 30.120482 %
epoch 401, minibatch 833/833, validation error 37.891566 %
epoch 402, minibatch 833/833, validation error 35.662651 %
epoch 403, minibatch 833/833, validation error 34.216867 %
epoch 404, minibatch 833/833, validation error 33.855422 %
epoch 405, minibatch 833/833, validation error 39.518072 %
epoch 406, minibatch 833/833, validation error 39.759036 %
epoch 407, minibatch 833/833, validation error 33.192771 %
epoch 408, minibatch 833/833, validation error 29.759036 %
epoch 409, minibatch 833/833, validation error 33.975904 %
epoch 410, minibatch 833/833, validation error 34.457831 %
epoch 411, minibatch 833/833, validation error 34.638554 %
epoch 412, minibatch 833/833, validation error 36.506024 %
epoch 413, minibatch 833/833, validation error 37.289157 %
epoch 414, minibatch 833/833, validation error 49.156627 %
epoch 415, minibatch 833/833, validation error 40.180723 %
epoch 416, minibatch 833/833, validation error 43.132530 %
epoch 417, minibatch 833/833, validation error 33.253012 %
epoch 418, minibatch 833/833, validation error 49.759036 %
epoch 419, minibatch 833/833, validation error 46.385542 %
epoch 420, minibatch 833/833, validation error 49.337349 %
epoch 421, minibatch 833/833, validation error 37.168675 %
epoch 422, minibatch 833/833, validation error 49.759036 %
epoch 423, minibatch 833/833, validation error 43.674699 %
epoch 424, minibatch 833/833, validation error 36.987952 %
epoch 425, minibatch 833/833, validation error 49.156627 %
epoch 426, minibatch 833/833, validation error 49.638554 %
epoch 427, minibatch 833/833, validation error 48.012048 %
epoch 428, minibatch 833/833, validation error 44.578313 %
epoch 429, minibatch 833/833, validation error 38.192771 %
epoch 430, minibatch 833/833, validation error 39.096386 %
epoch 431, minibatch 833/833, validation error 46.566265 %
epoch 432, minibatch 833/833, validation error 48.313253 %
epoch 433, minibatch 833/833, validation error 46.144578 %
epoch 434, minibatch 833/833, validation error 38.253012 %
epoch 435, minibatch 833/833, validation error 48.614458 %
epoch 436, minibatch 833/833, validation error 38.795181 %
epoch 437, minibatch 833/833, validation error 47.349398 %
epoch 438, minibatch 833/833, validation error 44.277108 %
epoch 439, minibatch 833/833, validation error 47.349398 %
epoch 440, minibatch 833/833, validation error 30.481928 %
epoch 441, minibatch 833/833, validation error 36.506024 %
epoch 442, minibatch 833/833, validation error 34.698795 %
epoch 443, minibatch 833/833, validation error 48.975904 %
epoch 444, minibatch 833/833, validation error 33.373494 %
epoch 445, minibatch 833/833, validation error 41.686747 %
epoch 446, minibatch 833/833, validation error 42.228916 %
epoch 447, minibatch 833/833, validation error 48.433735 %
epoch 448, minibatch 833/833, validation error 42.349398 %
epoch 449, minibatch 833/833, validation error 48.795181 %
epoch 450, minibatch 833/833, validation error 46.265060 %
epoch 451, minibatch 833/833, validation error 48.313253 %
epoch 452, minibatch 833/833, validation error 43.373494 %
epoch 453, minibatch 833/833, validation error 37.891566 %
epoch 454, minibatch 833/833, validation error 40.963855 %
epoch 455, minibatch 833/833, validation error 41.385542 %
epoch 456, minibatch 833/833, validation error 40.421687 %
epoch 457, minibatch 833/833, validation error 39.397590 %
epoch 458, minibatch 833/833, validation error 38.253012 %
epoch 459, minibatch 833/833, validation error 38.554217 %
epoch 460, minibatch 833/833, validation error 36.204819 %
epoch 461, minibatch 833/833, validation error 35.963855 %
epoch 462, minibatch 833/833, validation error 36.445783 %
epoch 463, minibatch 833/833, validation error 34.518072 %
epoch 464, minibatch 833/833, validation error 39.457831 %
epoch 465, minibatch 833/833, validation error 38.855422 %
epoch 466, minibatch 833/833, validation error 36.566265 %
epoch 467, minibatch 833/833, validation error 33.072289 %
epoch 468, minibatch 833/833, validation error 35.180723 %
epoch 469, minibatch 833/833, validation error 33.855422 %
epoch 470, minibatch 833/833, validation error 32.710843 %
epoch 471, minibatch 833/833, validation error 32.108434 %
epoch 472, minibatch 833/833, validation error 31.746988 %
epoch 473, minibatch 833/833, validation error 30.843373 %
epoch 474, minibatch 833/833, validation error 31.626506 %
epoch 475, minibatch 833/833, validation error 33.674699 %
epoch 476, minibatch 833/833, validation error 31.626506 %
epoch 477, minibatch 833/833, validation error 31.445783 %
epoch 478, minibatch 833/833, validation error 35.843373 %
epoch 479, minibatch 833/833, validation error 32.469880 %
epoch 480, minibatch 833/833, validation error 35.481928 %
epoch 481, minibatch 833/833, validation error 34.397590 %
epoch 482, minibatch 833/833, validation error 30.361446 %
epoch 483, minibatch 833/833, validation error 38.855422 %
epoch 484, minibatch 833/833, validation error 33.975904 %
epoch 485, minibatch 833/833, validation error 27.349398 %
epoch 486, minibatch 833/833, validation error 37.891566 %
epoch 487, minibatch 833/833, validation error 47.168675 %
epoch 488, minibatch 833/833, validation error 41.867470 %
epoch 489, minibatch 833/833, validation error 28.975904 %
epoch 490, minibatch 833/833, validation error 43.554217 %
epoch 491, minibatch 833/833, validation error 36.867470 %
epoch 492, minibatch 833/833, validation error 39.036145 %
epoch 493, minibatch 833/833, validation error 45.361446 %
epoch 494, minibatch 833/833, validation error 48.012048 %
epoch 495, minibatch 833/833, validation error 32.951807 %
epoch 496, minibatch 833/833, validation error 48.795181 %
epoch 497, minibatch 833/833, validation error 45.602410 %
epoch 498, minibatch 833/833, validation error 39.638554 %
epoch 499, minibatch 833/833, validation error 29.156627 %
epoch 500, minibatch 833/833, validation error 32.891566 %
epoch 501, minibatch 833/833, validation error 39.698795 %
epoch 502, minibatch 833/833, validation error 44.819277 %
epoch 503, minibatch 833/833, validation error 31.506024 %
epoch 504, minibatch 833/833, validation error 42.891566 %
epoch 505, minibatch 833/833, validation error 41.867470 %
epoch 506, minibatch 833/833, validation error 48.253012 %
epoch 507, minibatch 833/833, validation error 45.843373 %
epoch 508, minibatch 833/833, validation error 34.337349 %
epoch 509, minibatch 833/833, validation error 43.433735 %
epoch 510, minibatch 833/833, validation error 48.674699 %
epoch 511, minibatch 833/833, validation error 32.590361 %
epoch 512, minibatch 833/833, validation error 32.590361 %
epoch 513, minibatch 833/833, validation error 33.253012 %
epoch 514, minibatch 833/833, validation error 32.469880 %
epoch 515, minibatch 833/833, validation error 29.337349 %
epoch 516, minibatch 833/833, validation error 40.000000 %
epoch 517, minibatch 833/833, validation error 33.192771 %
epoch 518, minibatch 833/833, validation error 46.084337 %
epoch 519, minibatch 833/833, validation error 39.216867 %
epoch 520, minibatch 833/833, validation error 32.891566 %
epoch 521, minibatch 833/833, validation error 47.168675 %
epoch 522, minibatch 833/833, validation error 27.951807 %
epoch 523, minibatch 833/833, validation error 40.240964 %
epoch 524, minibatch 833/833, validation error 31.144578 %
epoch 525, minibatch 833/833, validation error 33.433735 %
epoch 526, minibatch 833/833, validation error 33.614458 %
epoch 527, minibatch 833/833, validation error 41.566265 %
epoch 528, minibatch 833/833, validation error 30.361446 %
epoch 529, minibatch 833/833, validation error 29.879518 %
epoch 530, minibatch 833/833, validation error 35.722892 %
epoch 531, minibatch 833/833, validation error 29.879518 %
epoch 532, minibatch 833/833, validation error 27.228916 %
epoch 533, minibatch 833/833, validation error 26.686747 %
epoch 534, minibatch 833/833, validation error 27.048193 %
epoch 535, minibatch 833/833, validation error 27.048193 %
epoch 536, minibatch 833/833, validation error 25.361446 %
     epoch 536, minibatch 833/833, test error of best model 24.410000 %
epoch 537, minibatch 833/833, validation error 28.192771 %
epoch 538, minibatch 833/833, validation error 26.746988 %
epoch 539, minibatch 833/833, validation error 27.168675 %
epoch 540, minibatch 833/833, validation error 26.807229 %
epoch 541, minibatch 833/833, validation error 27.108434 %
epoch 542, minibatch 833/833, validation error 27.048193 %
epoch 543, minibatch 833/833, validation error 29.337349 %
epoch 544, minibatch 833/833, validation error 27.168675 %
epoch 545, minibatch 833/833, validation error 26.867470 %
epoch 546, minibatch 833/833, validation error 27.048193 %
epoch 547, minibatch 833/833, validation error 28.674699 %
epoch 548, minibatch 833/833, validation error 28.915663 %
epoch 549, minibatch 833/833, validation error 31.204819 %
epoch 550, minibatch 833/833, validation error 28.373494 %
epoch 551, minibatch 833/833, validation error 27.289157 %
epoch 552, minibatch 833/833, validation error 27.349398 %
epoch 553, minibatch 833/833, validation error 26.927711 %
epoch 554, minibatch 833/833, validation error 26.686747 %
epoch 555, minibatch 833/833, validation error 34.216867 %
epoch 556, minibatch 833/833, validation error 27.349398 %
epoch 557, minibatch 833/833, validation error 37.710843 %
epoch 558, minibatch 833/833, validation error 28.614458 %
epoch 559, minibatch 833/833, validation error 32.289157 %
epoch 560, minibatch 833/833, validation error 37.650602 %
epoch 561, minibatch 833/833, validation error 25.662651 %
epoch 562, minibatch 833/833, validation error 26.807229 %
epoch 563, minibatch 833/833, validation error 36.566265 %
epoch 564, minibatch 833/833, validation error 31.265060 %
epoch 565, minibatch 833/833, validation error 35.843373 %
epoch 566, minibatch 833/833, validation error 25.903614 %
epoch 567, minibatch 833/833, validation error 25.963855 %
epoch 568, minibatch 833/833, validation error 25.903614 %
epoch 569, minibatch 833/833, validation error 32.771084 %
epoch 570, minibatch 833/833, validation error 29.216867 %
epoch 571, minibatch 833/833, validation error 25.361446 %
     epoch 571, minibatch 833/833, test error of best model 24.900000 %
epoch 572, minibatch 833/833, validation error 27.349398 %
epoch 573, minibatch 833/833, validation error 26.204819 %
epoch 574, minibatch 833/833, validation error 28.373494 %
epoch 575, minibatch 833/833, validation error 24.879518 %
     epoch 575, minibatch 833/833, test error of best model 25.000000 %
epoch 576, minibatch 833/833, validation error 33.313253 %
epoch 577, minibatch 833/833, validation error 26.626506 %
epoch 578, minibatch 833/833, validation error 46.506024 %
epoch 579, minibatch 833/833, validation error 37.108434 %
epoch 580, minibatch 833/833, validation error 28.132530 %
epoch 581, minibatch 833/833, validation error 30.722892 %
epoch 582, minibatch 833/833, validation error 40.602410 %
epoch 583, minibatch 833/833, validation error 27.228916 %
epoch 584, minibatch 833/833, validation error 39.337349 %
epoch 585, minibatch 833/833, validation error 39.216867 %
epoch 586, minibatch 833/833, validation error 28.795181 %
epoch 587, minibatch 833/833, validation error 37.530120 %
epoch 588, minibatch 833/833, validation error 44.578313 %
epoch 589, minibatch 833/833, validation error 29.939759 %
epoch 590, minibatch 833/833, validation error 39.638554 %
epoch 591, minibatch 833/833, validation error 31.265060 %
epoch 592, minibatch 833/833, validation error 36.746988 %
epoch 593, minibatch 833/833, validation error 32.228916 %
epoch 594, minibatch 833/833, validation error 27.951807 %
epoch 595, minibatch 833/833, validation error 28.975904 %
epoch 596, minibatch 833/833, validation error 36.626506 %
epoch 597, minibatch 833/833, validation error 26.626506 %
epoch 598, minibatch 833/833, validation error 25.963855 %
epoch 599, minibatch 833/833, validation error 28.734940 %
epoch 600, minibatch 833/833, validation error 41.265060 %
epoch 601, minibatch 833/833, validation error 36.325301 %
epoch 602, minibatch 833/833, validation error 28.614458 %
epoch 603, minibatch 833/833, validation error 26.506024 %
epoch 604, minibatch 833/833, validation error 28.975904 %
epoch 605, minibatch 833/833, validation error 29.518072 %
epoch 606, minibatch 833/833, validation error 27.831325 %
epoch 607, minibatch 833/833, validation error 44.457831 %
epoch 608, minibatch 833/833, validation error 27.891566 %
epoch 609, minibatch 833/833, validation error 33.132530 %
epoch 610, minibatch 833/833, validation error 38.554217 %
epoch 611, minibatch 833/833, validation error 34.698795 %
epoch 612, minibatch 833/833, validation error 32.409639 %
epoch 613, minibatch 833/833, validation error 29.337349 %
epoch 614, minibatch 833/833, validation error 32.831325 %
epoch 615, minibatch 833/833, validation error 26.867470 %
epoch 616, minibatch 833/833, validation error 26.686747 %
epoch 617, minibatch 833/833, validation error 26.084337 %
epoch 618, minibatch 833/833, validation error 33.433735 %
epoch 619, minibatch 833/833, validation error 28.554217 %
epoch 620, minibatch 833/833, validation error 26.385542 %
epoch 621, minibatch 833/833, validation error 26.506024 %
epoch 622, minibatch 833/833, validation error 30.903614 %
epoch 623, minibatch 833/833, validation error 41.746988 %
epoch 624, minibatch 833/833, validation error 38.192771 %
epoch 625, minibatch 833/833, validation error 30.542169 %
epoch 626, minibatch 833/833, validation error 26.385542 %
epoch 627, minibatch 833/833, validation error 26.566265 %
epoch 628, minibatch 833/833, validation error 30.722892 %
epoch 629, minibatch 833/833, validation error 35.722892 %
epoch 630, minibatch 833/833, validation error 28.975904 %
epoch 631, minibatch 833/833, validation error 29.759036 %
epoch 632, minibatch 833/833, validation error 27.108434 %
epoch 633, minibatch 833/833, validation error 25.783133 %
epoch 634, minibatch 833/833, validation error 26.144578 %
epoch 635, minibatch 833/833, validation error 32.108434 %
epoch 636, minibatch 833/833, validation error 27.409639 %
epoch 637, minibatch 833/833, validation error 26.746988 %
epoch 638, minibatch 833/833, validation error 40.481928 %
epoch 639, minibatch 833/833, validation error 28.313253 %
epoch 640, minibatch 833/833, validation error 26.566265 %
epoch 641, minibatch 833/833, validation error 27.650602 %
epoch 642, minibatch 833/833, validation error 25.903614 %
epoch 643, minibatch 833/833, validation error 25.783133 %
epoch 644, minibatch 833/833, validation error 26.325301 %
epoch 645, minibatch 833/833, validation error 26.626506 %
epoch 646, minibatch 833/833, validation error 26.746988 %
epoch 647, minibatch 833/833, validation error 27.048193 %
epoch 648, minibatch 833/833, validation error 26.867470 %
epoch 649, minibatch 833/833, validation error 26.686747 %
epoch 650, minibatch 833/833, validation error 26.746988 %
epoch 651, minibatch 833/833, validation error 26.686747 %
epoch 652, minibatch 833/833, validation error 26.566265 %
epoch 653, minibatch 833/833, validation error 35.301205 %
epoch 654, minibatch 833/833, validation error 25.843373 %
epoch 655, minibatch 833/833, validation error 25.722892 %
epoch 656, minibatch 833/833, validation error 26.204819 %
epoch 657, minibatch 833/833, validation error 26.265060 %
epoch 658, minibatch 833/833, validation error 26.807229 %
epoch 659, minibatch 833/833, validation error 26.506024 %
epoch 660, minibatch 833/833, validation error 26.506024 %
epoch 661, minibatch 833/833, validation error 26.144578 %
epoch 662, minibatch 833/833, validation error 26.506024 %
epoch 663, minibatch 833/833, validation error 40.662651 %
epoch 664, minibatch 833/833, validation error 25.662651 %
epoch 665, minibatch 833/833, validation error 29.518072 %
epoch 666, minibatch 833/833, validation error 31.807229 %
epoch 667, minibatch 833/833, validation error 27.831325 %
epoch 668, minibatch 833/833, validation error 31.927711 %
epoch 669, minibatch 833/833, validation error 26.626506 %
epoch 670, minibatch 833/833, validation error 26.204819 %
epoch 671, minibatch 833/833, validation error 32.409639 %
epoch 672, minibatch 833/833, validation error 31.807229 %
epoch 673, minibatch 833/833, validation error 26.927711 %
epoch 674, minibatch 833/833, validation error 26.987952 %
epoch 675, minibatch 833/833, validation error 27.228916 %
epoch 676, minibatch 833/833, validation error 27.349398 %
epoch 677, minibatch 833/833, validation error 27.349398 %
epoch 678, minibatch 833/833, validation error 27.048193 %
epoch 679, minibatch 833/833, validation error 28.795181 %
epoch 680, minibatch 833/833, validation error 28.313253 %
epoch 681, minibatch 833/833, validation error 28.493976 %
epoch 682, minibatch 833/833, validation error 27.108434 %
epoch 683, minibatch 833/833, validation error 27.650602 %
epoch 684, minibatch 833/833, validation error 27.530120 %
epoch 685, minibatch 833/833, validation error 25.602410 %
epoch 686, minibatch 833/833, validation error 29.819277 %
epoch 687, minibatch 833/833, validation error 26.987952 %
epoch 688, minibatch 833/833, validation error 30.240964 %
epoch 689, minibatch 833/833, validation error 26.566265 %
epoch 690, minibatch 833/833, validation error 27.108434 %
epoch 691, minibatch 833/833, validation error 26.807229 %
epoch 692, minibatch 833/833, validation error 37.771084 %
epoch 693, minibatch 833/833, validation error 32.108434 %
epoch 694, minibatch 833/833, validation error 26.144578 %
epoch 695, minibatch 833/833, validation error 25.662651 %
epoch 696, minibatch 833/833, validation error 28.915663 %
epoch 697, minibatch 833/833, validation error 26.927711 %
epoch 698, minibatch 833/833, validation error 30.180723 %
epoch 699, minibatch 833/833, validation error 25.060241 %
epoch 700, minibatch 833/833, validation error 26.987952 %
epoch 701, minibatch 833/833, validation error 30.783133 %
epoch 702, minibatch 833/833, validation error 26.807229 %
epoch 703, minibatch 833/833, validation error 26.987952 %
epoch 704, minibatch 833/833, validation error 26.927711 %
epoch 705, minibatch 833/833, validation error 26.987952 %
epoch 706, minibatch 833/833, validation error 26.746988 %
epoch 707, minibatch 833/833, validation error 28.253012 %
epoch 708, minibatch 833/833, validation error 26.686747 %
epoch 709, minibatch 833/833, validation error 26.686747 %
epoch 710, minibatch 833/833, validation error 32.228916 %
epoch 711, minibatch 833/833, validation error 26.445783 %
epoch 712, minibatch 833/833, validation error 29.638554 %
epoch 713, minibatch 833/833, validation error 25.542169 %
epoch 714, minibatch 833/833, validation error 25.963855 %
epoch 715, minibatch 833/833, validation error 39.578313 %
epoch 716, minibatch 833/833, validation error 25.963855 %
epoch 717, minibatch 833/833, validation error 25.481928 %
epoch 718, minibatch 833/833, validation error 33.373494 %
epoch 719, minibatch 833/833, validation error 29.096386 %
epoch 720, minibatch 833/833, validation error 25.783133 %
epoch 721, minibatch 833/833, validation error 25.963855 %
epoch 722, minibatch 833/833, validation error 28.493976 %
epoch 723, minibatch 833/833, validation error 26.566265 %
epoch 724, minibatch 833/833, validation error 34.939759 %
epoch 725, minibatch 833/833, validation error 26.867470 %
epoch 726, minibatch 833/833, validation error 29.939759 %
epoch 727, minibatch 833/833, validation error 26.566265 %
epoch 728, minibatch 833/833, validation error 26.686747 %
epoch 729, minibatch 833/833, validation error 24.819277 %
     epoch 729, minibatch 833/833, test error of best model 25.750000 %
epoch 730, minibatch 833/833, validation error 38.975904 %
epoch 731, minibatch 833/833, validation error 25.180723 %
epoch 732, minibatch 833/833, validation error 25.120482 %
epoch 733, minibatch 833/833, validation error 26.445783 %
epoch 734, minibatch 833/833, validation error 25.421687 %
epoch 735, minibatch 833/833, validation error 26.867470 %
epoch 736, minibatch 833/833, validation error 25.843373 %
epoch 737, minibatch 833/833, validation error 26.746988 %
epoch 738, minibatch 833/833, validation error 26.144578 %
epoch 739, minibatch 833/833, validation error 25.301205 %
epoch 740, minibatch 833/833, validation error 26.325301 %
epoch 741, minibatch 833/833, validation error 29.939759 %
epoch 742, minibatch 833/833, validation error 26.084337 %
epoch 743, minibatch 833/833, validation error 26.204819 %
epoch 744, minibatch 833/833, validation error 26.325301 %
epoch 745, minibatch 833/833, validation error 26.506024 %
epoch 746, minibatch 833/833, validation error 26.566265 %
epoch 747, minibatch 833/833, validation error 26.506024 %
epoch 748, minibatch 833/833, validation error 35.963855 %
epoch 749, minibatch 833/833, validation error 26.506024 %
epoch 750, minibatch 833/833, validation error 40.301205 %
epoch 751, minibatch 833/833, validation error 25.843373 %
epoch 752, minibatch 833/833, validation error 25.240964 %
epoch 753, minibatch 833/833, validation error 24.578313 %
     epoch 753, minibatch 833/833, test error of best model 24.120000 %
epoch 754, minibatch 833/833, validation error 25.783133 %
epoch 755, minibatch 833/833, validation error 26.024096 %
epoch 756, minibatch 833/833, validation error 25.783133 %
epoch 757, minibatch 833/833, validation error 26.084337 %
epoch 758, minibatch 833/833, validation error 26.084337 %
epoch 759, minibatch 833/833, validation error 27.469880 %
epoch 760, minibatch 833/833, validation error 34.397590 %
epoch 761, minibatch 833/833, validation error 26.445783 %
epoch 762, minibatch 833/833, validation error 26.265060 %
epoch 763, minibatch 833/833, validation error 26.265060 %
epoch 764, minibatch 833/833, validation error 25.963855 %
epoch 765, minibatch 833/833, validation error 25.903614 %
epoch 766, minibatch 833/833, validation error 26.385542 %
epoch 767, minibatch 833/833, validation error 26.265060 %
epoch 768, minibatch 833/833, validation error 26.566265 %
epoch 769, minibatch 833/833, validation error 25.903614 %
epoch 770, minibatch 833/833, validation error 26.204819 %
epoch 771, minibatch 833/833, validation error 25.000000 %
epoch 772, minibatch 833/833, validation error 26.084337 %
epoch 773, minibatch 833/833, validation error 26.686747 %
epoch 774, minibatch 833/833, validation error 26.566265 %
epoch 775, minibatch 833/833, validation error 25.783133 %
epoch 776, minibatch 833/833, validation error 26.626506 %
epoch 777, minibatch 833/833, validation error 27.168675 %
epoch 778, minibatch 833/833, validation error 34.156627 %
epoch 779, minibatch 833/833, validation error 26.867470 %
epoch 780, minibatch 833/833, validation error 27.349398 %
epoch 781, minibatch 833/833, validation error 26.506024 %
epoch 782, minibatch 833/833, validation error 25.843373 %
epoch 783, minibatch 833/833, validation error 25.903614 %
epoch 784, minibatch 833/833, validation error 26.566265 %
epoch 785, minibatch 833/833, validation error 26.385542 %
epoch 786, minibatch 833/833, validation error 26.445783 %
epoch 787, minibatch 833/833, validation error 26.626506 %
epoch 788, minibatch 833/833, validation error 26.204819 %
epoch 789, minibatch 833/833, validation error 25.783133 %
epoch 790, minibatch 833/833, validation error 26.144578 %
epoch 791, minibatch 833/833, validation error 25.903614 %
epoch 792, minibatch 833/833, validation error 25.783133 %
epoch 793, minibatch 833/833, validation error 25.963855 %
epoch 794, minibatch 833/833, validation error 26.506024 %
epoch 795, minibatch 833/833, validation error 25.722892 %
epoch 796, minibatch 833/833, validation error 25.662651 %
epoch 797, minibatch 833/833, validation error 25.602410 %
epoch 798, minibatch 833/833, validation error 25.481928 %
epoch 799, minibatch 833/833, validation error 26.385542 %
epoch 800, minibatch 833/833, validation error 25.963855 %
epoch 801, minibatch 833/833, validation error 25.722892 %
epoch 802, minibatch 833/833, validation error 26.084337 %
epoch 803, minibatch 833/833, validation error 26.265060 %
epoch 804, minibatch 833/833, validation error 29.277108 %
epoch 805, minibatch 833/833, validation error 27.650602 %
epoch 806, minibatch 833/833, validation error 27.409639 %
epoch 807, minibatch 833/833, validation error 26.626506 %
epoch 808, minibatch 833/833, validation error 26.024096 %
epoch 809, minibatch 833/833, validation error 25.843373 %
epoch 810, minibatch 833/833, validation error 27.108434 %
epoch 811, minibatch 833/833, validation error 25.722892 %
epoch 812, minibatch 833/833, validation error 26.626506 %
epoch 813, minibatch 833/833, validation error 25.542169 %
epoch 814, minibatch 833/833, validation error 26.024096 %
epoch 815, minibatch 833/833, validation error 26.204819 %
epoch 816, minibatch 833/833, validation error 30.783133 %
epoch 817, minibatch 833/833, validation error 27.469880 %
epoch 818, minibatch 833/833, validation error 26.204819 %
epoch 819, minibatch 833/833, validation error 28.192771 %
epoch 820, minibatch 833/833, validation error 37.951807 %
epoch 821, minibatch 833/833, validation error 25.783133 %
epoch 822, minibatch 833/833, validation error 28.915663 %
epoch 823, minibatch 833/833, validation error 26.204819 %
epoch 824, minibatch 833/833, validation error 38.734940 %
epoch 825, minibatch 833/833, validation error 27.951807 %
epoch 826, minibatch 833/833, validation error 30.662651 %
epoch 827, minibatch 833/833, validation error 26.445783 %
epoch 828, minibatch 833/833, validation error 26.204819 %
epoch 829, minibatch 833/833, validation error 26.626506 %
epoch 830, minibatch 833/833, validation error 26.626506 %
epoch 831, minibatch 833/833, validation error 29.397590 %
epoch 832, minibatch 833/833, validation error 26.385542 %
epoch 833, minibatch 833/833, validation error 25.000000 %
epoch 834, minibatch 833/833, validation error 26.024096 %
epoch 835, minibatch 833/833, validation error 26.385542 %
epoch 836, minibatch 833/833, validation error 25.481928 %
epoch 837, minibatch 833/833, validation error 25.903614 %
epoch 838, minibatch 833/833, validation error 27.289157 %
epoch 839, minibatch 833/833, validation error 26.746988 %
epoch 840, minibatch 833/833, validation error 26.084337 %
epoch 841, minibatch 833/833, validation error 26.024096 %
epoch 842, minibatch 833/833, validation error 26.265060 %
epoch 843, minibatch 833/833, validation error 26.445783 %
epoch 844, minibatch 833/833, validation error 26.807229 %
epoch 845, minibatch 833/833, validation error 26.445783 %
epoch 846, minibatch 833/833, validation error 25.602410 %
epoch 847, minibatch 833/833, validation error 25.843373 %
epoch 848, minibatch 833/833, validation error 25.903614 %
epoch 849, minibatch 833/833, validation error 26.265060 %
epoch 850, minibatch 833/833, validation error 24.698795 %
epoch 851, minibatch 833/833, validation error 27.048193 %
epoch 852, minibatch 833/833, validation error 26.987952 %
epoch 853, minibatch 833/833, validation error 27.409639 %
epoch 854, minibatch 833/833, validation error 26.927711 %
epoch 855, minibatch 833/833, validation error 25.963855 %
epoch 856, minibatch 833/833, validation error 25.361446 %
epoch 857, minibatch 833/833, validation error 25.180723 %
epoch 858, minibatch 833/833, validation error 24.216867 %
     epoch 858, minibatch 833/833, test error of best model 24.650000 %
epoch 859, minibatch 833/833, validation error 25.301205 %
epoch 860, minibatch 833/833, validation error 29.879518 %
epoch 861, minibatch 833/833, validation error 26.626506 %
epoch 862, minibatch 833/833, validation error 23.674699 %
     epoch 862, minibatch 833/833, test error of best model 23.540000 %
epoch 863, minibatch 833/833, validation error 33.674699 %
epoch 864, minibatch 833/833, validation error 24.819277 %
epoch 865, minibatch 833/833, validation error 25.542169 %
epoch 866, minibatch 833/833, validation error 26.385542 %
epoch 867, minibatch 833/833, validation error 25.662651 %
epoch 868, minibatch 833/833, validation error 25.843373 %
epoch 869, minibatch 833/833, validation error 26.204819 %
epoch 870, minibatch 833/833, validation error 24.939759 %
epoch 871, minibatch 833/833, validation error 25.361446 %
epoch 872, minibatch 833/833, validation error 26.927711 %
epoch 873, minibatch 833/833, validation error 24.698795 %
epoch 874, minibatch 833/833, validation error 25.060241 %
epoch 875, minibatch 833/833, validation error 25.963855 %
epoch 876, minibatch 833/833, validation error 26.385542 %
epoch 877, minibatch 833/833, validation error 32.891566 %
epoch 878, minibatch 833/833, validation error 24.759036 %
epoch 879, minibatch 833/833, validation error 38.915663 %
epoch 880, minibatch 833/833, validation error 30.903614 %
epoch 881, minibatch 833/833, validation error 27.228916 %
epoch 882, minibatch 833/833, validation error 22.530120 %
     epoch 882, minibatch 833/833, test error of best model 23.040000 %
epoch 883, minibatch 833/833, validation error 38.554217 %
epoch 884, minibatch 833/833, validation error 24.759036 %
epoch 885, minibatch 833/833, validation error 23.795181 %
epoch 886, minibatch 833/833, validation error 26.445783 %
epoch 887, minibatch 833/833, validation error 26.325301 %
epoch 888, minibatch 833/833, validation error 25.903614 %
epoch 889, minibatch 833/833, validation error 25.120482 %
epoch 890, minibatch 833/833, validation error 24.759036 %
epoch 891, minibatch 833/833, validation error 24.819277 %
epoch 892, minibatch 833/833, validation error 27.349398 %
epoch 893, minibatch 833/833, validation error 25.060241 %
epoch 894, minibatch 833/833, validation error 25.602410 %
epoch 895, minibatch 833/833, validation error 24.277108 %
epoch 896, minibatch 833/833, validation error 24.216867 %
epoch 897, minibatch 833/833, validation error 24.397590 %
epoch 898, minibatch 833/833, validation error 25.421687 %
epoch 899, minibatch 833/833, validation error 24.277108 %
epoch 900, minibatch 833/833, validation error 23.734940 %
epoch 901, minibatch 833/833, validation error 33.855422 %
epoch 902, minibatch 833/833, validation error 35.903614 %
epoch 903, minibatch 833/833, validation error 25.120482 %
epoch 904, minibatch 833/833, validation error 24.819277 %
epoch 905, minibatch 833/833, validation error 24.698795 %
epoch 906, minibatch 833/833, validation error 23.795181 %
epoch 907, minibatch 833/833, validation error 25.060241 %
epoch 908, minibatch 833/833, validation error 23.734940 %
epoch 909, minibatch 833/833, validation error 24.518072 %
epoch 910, minibatch 833/833, validation error 24.759036 %
epoch 911, minibatch 833/833, validation error 24.698795 %
epoch 912, minibatch 833/833, validation error 24.879518 %
epoch 913, minibatch 833/833, validation error 25.421687 %
epoch 914, minibatch 833/833, validation error 26.626506 %
epoch 915, minibatch 833/833, validation error 25.602410 %
epoch 916, minibatch 833/833, validation error 28.674699 %
epoch 917, minibatch 833/833, validation error 26.325301 %
epoch 918, minibatch 833/833, validation error 26.204819 %
epoch 919, minibatch 833/833, validation error 23.674699 %
epoch 920, minibatch 833/833, validation error 23.554217 %
epoch 921, minibatch 833/833, validation error 25.301205 %
epoch 922, minibatch 833/833, validation error 24.939759 %
epoch 923, minibatch 833/833, validation error 31.566265 %
epoch 924, minibatch 833/833, validation error 23.493976 %
epoch 925, minibatch 833/833, validation error 24.337349 %
epoch 926, minibatch 833/833, validation error 26.385542 %
epoch 927, minibatch 833/833, validation error 23.734940 %
epoch 928, minibatch 833/833, validation error 25.301205 %
epoch 929, minibatch 833/833, validation error 25.602410 %
epoch 930, minibatch 833/833, validation error 23.493976 %
epoch 931, minibatch 833/833, validation error 25.240964 %
epoch 932, minibatch 833/833, validation error 25.361446 %
epoch 933, minibatch 833/833, validation error 23.373494 %
epoch 934, minibatch 833/833, validation error 25.421687 %
epoch 935, minibatch 833/833, validation error 26.325301 %
epoch 936, minibatch 833/833, validation error 25.240964 %
epoch 937, minibatch 833/833, validation error 28.734940 %
epoch 938, minibatch 833/833, validation error 25.120482 %
epoch 939, minibatch 833/833, validation error 23.734940 %
epoch 940, minibatch 833/833, validation error 25.361446 %
epoch 941, minibatch 833/833, validation error 26.084337 %
epoch 942, minibatch 833/833, validation error 25.421687 %
epoch 943, minibatch 833/833, validation error 48.975904 %
epoch 944, minibatch 833/833, validation error 27.590361 %
epoch 945, minibatch 833/833, validation error 25.060241 %
epoch 946, minibatch 833/833, validation error 25.783133 %
epoch 947, minibatch 833/833, validation error 25.120482 %
epoch 948, minibatch 833/833, validation error 25.843373 %
epoch 949, minibatch 833/833, validation error 25.903614 %
epoch 950, minibatch 833/833, validation error 27.530120 %
epoch 951, minibatch 833/833, validation error 26.385542 %
epoch 952, minibatch 833/833, validation error 23.674699 %
epoch 953, minibatch 833/833, validation error 23.614458 %
epoch 954, minibatch 833/833, validation error 24.638554 %
epoch 955, minibatch 833/833, validation error 27.349398 %
epoch 956, minibatch 833/833, validation error 26.024096 %
epoch 957, minibatch 833/833, validation error 27.108434 %
epoch 958, minibatch 833/833, validation error 27.530120 %
epoch 959, minibatch 833/833, validation error 25.903614 %
epoch 960, minibatch 833/833, validation error 26.084337 %
epoch 961, minibatch 833/833, validation error 22.710843 %
epoch 962, minibatch 833/833, validation error 25.361446 %
epoch 963, minibatch 833/833, validation error 25.120482 %
epoch 964, minibatch 833/833, validation error 24.518072 %
epoch 965, minibatch 833/833, validation error 25.240964 %
epoch 966, minibatch 833/833, validation error 27.590361 %
epoch 967, minibatch 833/833, validation error 27.710843 %
epoch 968, minibatch 833/833, validation error 24.939759 %
epoch 969, minibatch 833/833, validation error 26.746988 %
epoch 970, minibatch 833/833, validation error 24.337349 %
epoch 971, minibatch 833/833, validation error 26.024096 %
epoch 972, minibatch 833/833, validation error 25.602410 %
epoch 973, minibatch 833/833, validation error 24.457831 %
epoch 974, minibatch 833/833, validation error 29.397590 %
epoch 975, minibatch 833/833, validation error 26.084337 %
epoch 976, minibatch 833/833, validation error 25.481928 %
epoch 977, minibatch 833/833, validation error 29.457831 %
epoch 978, minibatch 833/833, validation error 30.240964 %
epoch 979, minibatch 833/833, validation error 23.734940 %
epoch 980, minibatch 833/833, validation error 24.698795 %
epoch 981, minibatch 833/833, validation error 24.156627 %
epoch 982, minibatch 833/833, validation error 25.843373 %
epoch 983, minibatch 833/833, validation error 22.891566 %
epoch 984, minibatch 833/833, validation error 25.421687 %
epoch 985, minibatch 833/833, validation error 22.831325 %
epoch 986, minibatch 833/833, validation error 24.879518 %
epoch 987, minibatch 833/833, validation error 26.746988 %
epoch 988, minibatch 833/833, validation error 24.939759 %
epoch 989, minibatch 833/833, validation error 23.614458 %
epoch 990, minibatch 833/833, validation error 25.602410 %
epoch 991, minibatch 833/833, validation error 23.433735 %
epoch 992, minibatch 833/833, validation error 23.373494 %
epoch 993, minibatch 833/833, validation error 28.012048 %
epoch 994, minibatch 833/833, validation error 25.180723 %
epoch 995, minibatch 833/833, validation error 23.072289 %
epoch 996, minibatch 833/833, validation error 25.361446 %
epoch 997, minibatch 833/833, validation error 26.927711 %
epoch 998, minibatch 833/833, validation error 27.951807 %
epoch 999, minibatch 833/833, validation error 24.879518 %
epoch 1000, minibatch 833/833, validation error 23.915663 %
Optimization complete with best validation score of 22.530120 %,with test performance 23.040000 %
